
C:\Users\vinicius\Desktop\newgithub\refatoracaoCppAutoControl\CppAutoControl\CppAutoControl\x64\Debug\opencv_core4d.dll
C:\Users\vinicius\Desktop\newgithub\refatoracaoCppAutoControl\CppAutoControl\CppAutoControl\x64\Debug\zlibd1.dll
C:\Users\vinicius\Desktop\newgithub\refatoracaoCppAutoControl\CppAutoControl\CppAutoControl\x64\Debug\opencv_imgcodecs4d.dll
C:\Users\vinicius\Desktop\newgithub\refatoracaoCppAutoControl\CppAutoControl\CppAutoControl\x64\Debug\opencv_imgproc4d.dll
C:\Users\vinicius\Desktop\newgithub\refatoracaoCppAutoControl\CppAutoControl\CppAutoControl\x64\Debug\jpeg62.dll
C:\Users\vinicius\Desktop\newgithub\refatoracaoCppAutoControl\CppAutoControl\CppAutoControl\x64\Debug\libwebpdecoder.dll
C:\Users\vinicius\Desktop\newgithub\refatoracaoCppAutoControl\CppAutoControl\CppAutoControl\x64\Debug\libwebp.dll
C:\Users\vinicius\Desktop\newgithub\refatoracaoCppAutoControl\CppAutoControl\CppAutoControl\x64\Debug\libsharpyuv.dll
C:\Users\vinicius\Desktop\newgithub\refatoracaoCppAutoControl\CppAutoControl\CppAutoControl\x64\Debug\libpng16d.dll
C:\Users\vinicius\Desktop\newgithub\refatoracaoCppAutoControl\CppAutoControl\CppAutoControl\x64\Debug\tiffd.dll
C:\Users\vinicius\Desktop\newgithub\refatoracaoCppAutoControl\CppAutoControl\CppAutoControl\x64\Debug\liblzma.dll
C:\Users\vinicius\Desktop\newgithub\refatoracaoCppAutoControl\CppAutoControl\CppAutoControl\x64\Debug\tesseract53d.dll
C:\Users\vinicius\Desktop\newgithub\refatoracaoCppAutoControl\CppAutoControl\CppAutoControl\x64\Debug\archive.dll
C:\Users\vinicius\Desktop\newgithub\refatoracaoCppAutoControl\CppAutoControl\CppAutoControl\x64\Debug\bz2d.dll
C:\Users\vinicius\Desktop\newgithub\refatoracaoCppAutoControl\CppAutoControl\CppAutoControl\x64\Debug\lz4d.dll
C:\Users\vinicius\Desktop\newgithub\refatoracaoCppAutoControl\CppAutoControl\CppAutoControl\x64\Debug\zstd.dll
C:\Users\vinicius\Desktop\newgithub\refatoracaoCppAutoControl\CppAutoControl\CppAutoControl\x64\Debug\libcrypto-3-x64.dll
C:\Users\vinicius\Desktop\newgithub\refatoracaoCppAutoControl\CppAutoControl\CppAutoControl\x64\Debug\libcurl-d.dll
C:\Users\vinicius\Desktop\newgithub\refatoracaoCppAutoControl\CppAutoControl\CppAutoControl\x64\Debug\leptonica-1.84.1d.dll
C:\Users\vinicius\Desktop\newgithub\refatoracaoCppAutoControl\CppAutoControl\CppAutoControl\x64\Debug\gif.dll
C:\Users\vinicius\Desktop\newgithub\refatoracaoCppAutoControl\CppAutoControl\CppAutoControl\x64\Debug\openjp2.dll
C:\Users\vinicius\Desktop\newgithub\refatoracaoCppAutoControl\CppAutoControl\CppAutoControl\x64\Debug\libwebpmux.dll
